<?xml version="1.0" encoding="UTF-8"?>
<coverage generated="1567484017277" clover="3.2.0">
  <project timestamp="1567484017277" name="All files">
    <metrics statements="11" coveredstatements="9" conditionals="0" coveredconditionals="0" methods="4" coveredmethods="2" elements="15" coveredelements="11" complexity="0" loc="11" ncloc="11" packages="3" files="3" classes="3">
      <package name="test-sonar">
        <metrics statements="3" coveredstatements="3" conditionals="0" coveredconditionals="0" methods="0" coveredmethods="0"/>
        <file name="enzyme.js" path="/Users/juliananderson/test-sonar/enzyme.js">
          <metrics statements="3" coveredstatements="3" conditionals="0" coveredconditionals="0" methods="0" coveredmethods="0"/>
          <line num="1" count="1" type="stmt"/>
          <line num="2" count="1" type="stmt"/>
          <line num="4" count="1" type="stmt"/>
        </file>
      </package>
      <package name="test-sonar.components">
        <metrics statements="6" coveredstatements="4" conditionals="0" coveredconditionals="0" methods="3" coveredmethods="1"/>
        <file name="nav.js" path="/Users/juliananderson/test-sonar/components/nav.js">
          <metrics statements="6" coveredstatements="4" conditionals="0" coveredconditionals="0" methods="3" coveredmethods="1"/>
          <line num="4" count="1" type="stmt"/>
          <line num="8" count="2" type="stmt"/>
          <line num="9" count="2" type="stmt"/>
          <line num="12" count="1" type="stmt"/>
          <line num="13" count="0" type="stmt"/>
          <line num="21" count="0" type="stmt"/>
        </file>
      </package>
      <package name="test-sonar.pages">
        <metrics statements="2" coveredstatements="2" conditionals="0" coveredconditionals="0" methods="1" coveredmethods="1"/>
        <file name="index.js" path="/Users/juliananderson/test-sonar/pages/index.js">
          <metrics statements="2" coveredstatements="2" conditionals="0" coveredconditionals="0" methods="1" coveredmethods="1"/>
          <line num="6" count="1" type="stmt"/>
          <line num="7" count="1" type="stmt"/>
        </file>
      </package>
    </metrics>
  </project>
</coverage>
