{"/Users/juliananderson/test-sonar/enzyme.js": {"path":"/Users/juliananderson/test-sonar/enzyme.js","statementMap":{"0":{"start":{"line":1,"column":15},"end":{"line":1,"column":32}},"1":{"start":{"line":2,"column":16},"end":{"line":2,"column":50}},"2":{"start":{"line":4,"column":0},"end":{"line":4,"column":45}}},"fnMap":{},"branchMap":{},"s":{"0":1,"1":1,"2":1},"f":{},"b":{},"_coverageSchema":"332fd63041d2c1bcb487cc26dd0d5f7d97098a6c","hash":"b99302a7867cda16ec1117ea962dec951bb2eeab"}
,"/Users/juliananderson/test-sonar/components/nav.js": {"path":"/Users/juliananderson/test-sonar/components/nav.js","statementMap":{"0":{"start":{"line":4,"column":14},"end":{"line":10,"column":2}},"1":{"start":{"line":8,"column":2},"end":{"line":8,"column":50}},"2":{"start":{"line":9,"column":2},"end":{"line":9,"column":13}},"3":{"start":{"line":12,"column":12},"end":{"line":54,"column":1}},"4":{"start":{"line":13,"column":2},"end":{"line":53,"column":8}},"5":{"start":{"line":21,"column":8},"end":{"line":23,"column":13}}},"fnMap":{"0":{"name":"(anonymous_0)","decl":{"start":{"line":7,"column":6},"end":{"line":7,"column":7}},"loc":{"start":{"line":7,"column":14},"end":{"line":10,"column":1}},"line":7},"1":{"name":"(anonymous_1)","decl":{"start":{"line":12,"column":12},"end":{"line":12,"column":13}},"loc":{"start":{"line":13,"column":2},"end":{"line":53,"column":8}},"line":13},"2":{"name":"(anonymous_2)","decl":{"start":{"line":20,"column":17},"end":{"line":20,"column":18}},"loc":{"start":{"line":21,"column":8},"end":{"line":23,"column":13}},"line":21}},"branchMap":{},"s":{"0":1,"1":2,"2":2,"3":1,"4":0,"5":0},"f":{"0":2,"1":0,"2":0},"b":{},"_coverageSchema":"332fd63041d2c1bcb487cc26dd0d5f7d97098a6c","hash":"cea62ef884d9b1f538406d4862812b0e0fc91306"}
,"/Users/juliananderson/test-sonar/pages/index.js": {"path":"/Users/juliananderson/test-sonar/pages/index.js","statementMap":{"0":{"start":{"line":6,"column":13},"end":{"line":10,"column":1}},"1":{"start":{"line":7,"column":2},"end":{"line":9,"column":8}}},"fnMap":{"0":{"name":"(anonymous_0)","decl":{"start":{"line":6,"column":13},"end":{"line":6,"column":14}},"loc":{"start":{"line":7,"column":2},"end":{"line":9,"column":8}},"line":7}},"branchMap":{},"s":{"0":1,"1":1},"f":{"0":1},"b":{},"_coverageSchema":"332fd63041d2c1bcb487cc26dd0d5f7d97098a6c","hash":"d1b96d81dede0c6f931923c00f3db7279b973d9c"}
}
